[10-Jun-2023 04:13:12 UTC] PHP Deprecated:  File Theme without header.php is <strong>deprecated</strong> since version 3.0.0 with no alternative available. Please include a header.php template in your theme. in /Applications/MAMP/htdocs/wordpress_with_composer/wordpress/wp-includes/functions.php on line 5613
[10-Jun-2023 04:13:12 UTC] PHP Deprecated:  File Theme without footer.php is <strong>deprecated</strong> since version 3.0.0 with no alternative available. Please include a footer.php template in your theme. in /Applications/MAMP/htdocs/wordpress_with_composer/wordpress/wp-includes/functions.php on line 5613
[10-Jun-2023 04:13:13 UTC] PHP Deprecated:  File Theme without header.php is <strong>deprecated</strong> since version 3.0.0 with no alternative available. Please include a header.php template in your theme. in /Applications/MAMP/htdocs/wordpress_with_composer/wordpress/wp-includes/functions.php on line 5613
[10-Jun-2023 04:13:13 UTC] PHP Deprecated:  File Theme without footer.php is <strong>deprecated</strong> since version 3.0.0 with no alternative available. Please include a footer.php template in your theme. in /Applications/MAMP/htdocs/wordpress_with_composer/wordpress/wp-includes/functions.php on line 5613
[10-Jun-2023 04:13:14 UTC] PHP Deprecated:  File Theme without header.php is <strong>deprecated</strong> since version 3.0.0 with no alternative available. Please include a header.php template in your theme. in /Applications/MAMP/htdocs/wordpress_with_composer/wordpress/wp-includes/functions.php on line 5613
[10-Jun-2023 04:13:14 UTC] PHP Deprecated:  File Theme without footer.php is <strong>deprecated</strong> since version 3.0.0 with no alternative available. Please include a footer.php template in your theme. in /Applications/MAMP/htdocs/wordpress_with_composer/wordpress/wp-includes/functions.php on line 5613
[10-Jun-2023 04:13:18 UTC] PHP Deprecated:  File Theme without header.php is <strong>deprecated</strong> since version 3.0.0 with no alternative available. Please include a header.php template in your theme. in /Applications/MAMP/htdocs/wordpress_with_composer/wordpress/wp-includes/functions.php on line 5613
[10-Jun-2023 04:13:18 UTC] PHP Deprecated:  File Theme without footer.php is <strong>deprecated</strong> since version 3.0.0 with no alternative available. Please include a footer.php template in your theme. in /Applications/MAMP/htdocs/wordpress_with_composer/wordpress/wp-includes/functions.php on line 5613
[10-Jun-2023 04:13:19 UTC] PHP Deprecated:  File Theme without header.php is <strong>deprecated</strong> since version 3.0.0 with no alternative available. Please include a header.php template in your theme. in /Applications/MAMP/htdocs/wordpress_with_composer/wordpress/wp-includes/functions.php on line 5613
[10-Jun-2023 04:13:19 UTC] PHP Deprecated:  File Theme without footer.php is <strong>deprecated</strong> since version 3.0.0 with no alternative available. Please include a footer.php template in your theme. in /Applications/MAMP/htdocs/wordpress_with_composer/wordpress/wp-includes/functions.php on line 5613
[10-Jun-2023 04:13:19 UTC] PHP Deprecated:  File Theme without header.php is <strong>deprecated</strong> since version 3.0.0 with no alternative available. Please include a header.php template in your theme. in /Applications/MAMP/htdocs/wordpress_with_composer/wordpress/wp-includes/functions.php on line 5613
[10-Jun-2023 04:13:19 UTC] PHP Deprecated:  File Theme without footer.php is <strong>deprecated</strong> since version 3.0.0 with no alternative available. Please include a footer.php template in your theme. in /Applications/MAMP/htdocs/wordpress_with_composer/wordpress/wp-includes/functions.php on line 5613
[10-Jun-2023 04:13:25 UTC] PHP Deprecated:  File Theme without header.php is <strong>deprecated</strong> since version 3.0.0 with no alternative available. Please include a header.php template in your theme. in /Applications/MAMP/htdocs/wordpress_with_composer/wordpress/wp-includes/functions.php on line 5613
[10-Jun-2023 04:13:25 UTC] PHP Deprecated:  File Theme without footer.php is <strong>deprecated</strong> since version 3.0.0 with no alternative available. Please include a footer.php template in your theme. in /Applications/MAMP/htdocs/wordpress_with_composer/wordpress/wp-includes/functions.php on line 5613
[10-Jun-2023 04:13:26 UTC] PHP Deprecated:  File Theme without header.php is <strong>deprecated</strong> since version 3.0.0 with no alternative available. Please include a header.php template in your theme. in /Applications/MAMP/htdocs/wordpress_with_composer/wordpress/wp-includes/functions.php on line 5613
[10-Jun-2023 04:13:26 UTC] PHP Deprecated:  File Theme without footer.php is <strong>deprecated</strong> since version 3.0.0 with no alternative available. Please include a footer.php template in your theme. in /Applications/MAMP/htdocs/wordpress_with_composer/wordpress/wp-includes/functions.php on line 5613
[10-Jun-2023 04:13:27 UTC] PHP Deprecated:  File Theme without header.php is <strong>deprecated</strong> since version 3.0.0 with no alternative available. Please include a header.php template in your theme. in /Applications/MAMP/htdocs/wordpress_with_composer/wordpress/wp-includes/functions.php on line 5613
[10-Jun-2023 04:13:27 UTC] PHP Deprecated:  File Theme without footer.php is <strong>deprecated</strong> since version 3.0.0 with no alternative available. Please include a footer.php template in your theme. in /Applications/MAMP/htdocs/wordpress_with_composer/wordpress/wp-includes/functions.php on line 5613
[10-Jun-2023 04:13:27 UTC] PHP Deprecated:  File Theme without header.php is <strong>deprecated</strong> since version 3.0.0 with no alternative available. Please include a header.php template in your theme. in /Applications/MAMP/htdocs/wordpress_with_composer/wordpress/wp-includes/functions.php on line 5613
[10-Jun-2023 04:13:27 UTC] PHP Deprecated:  File Theme without footer.php is <strong>deprecated</strong> since version 3.0.0 with no alternative available. Please include a footer.php template in your theme. in /Applications/MAMP/htdocs/wordpress_with_composer/wordpress/wp-includes/functions.php on line 5613
[10-Jun-2023 04:13:27 UTC] PHP Deprecated:  File Theme without header.php is <strong>deprecated</strong> since version 3.0.0 with no alternative available. Please include a header.php template in your theme. in /Applications/MAMP/htdocs/wordpress_with_composer/wordpress/wp-includes/functions.php on line 5613
[10-Jun-2023 04:13:27 UTC] PHP Deprecated:  File Theme without footer.php is <strong>deprecated</strong> since version 3.0.0 with no alternative available. Please include a footer.php template in your theme. in /Applications/MAMP/htdocs/wordpress_with_composer/wordpress/wp-includes/functions.php on line 5613
[10-Jun-2023 04:13:38 UTC] PHP Deprecated:  File Theme without header.php is <strong>deprecated</strong> since version 3.0.0 with no alternative available. Please include a header.php template in your theme. in /Applications/MAMP/htdocs/wordpress_with_composer/wordpress/wp-includes/functions.php on line 5613
[10-Jun-2023 04:13:38 UTC] PHP Deprecated:  File Theme without footer.php is <strong>deprecated</strong> since version 3.0.0 with no alternative available. Please include a footer.php template in your theme. in /Applications/MAMP/htdocs/wordpress_with_composer/wordpress/wp-includes/functions.php on line 5613
[10-Jun-2023 04:13:39 UTC] PHP Deprecated:  File Theme without header.php is <strong>deprecated</strong> since version 3.0.0 with no alternative available. Please include a header.php template in your theme. in /Applications/MAMP/htdocs/wordpress_with_composer/wordpress/wp-includes/functions.php on line 5613
[10-Jun-2023 04:13:39 UTC] PHP Deprecated:  File Theme without footer.php is <strong>deprecated</strong> since version 3.0.0 with no alternative available. Please include a footer.php template in your theme. in /Applications/MAMP/htdocs/wordpress_with_composer/wordpress/wp-includes/functions.php on line 5613
[10-Jun-2023 04:13:39 UTC] PHP Deprecated:  File Theme without header.php is <strong>deprecated</strong> since version 3.0.0 with no alternative available. Please include a header.php template in your theme. in /Applications/MAMP/htdocs/wordpress_with_composer/wordpress/wp-includes/functions.php on line 5613
[10-Jun-2023 04:13:39 UTC] PHP Deprecated:  File Theme without footer.php is <strong>deprecated</strong> since version 3.0.0 with no alternative available. Please include a footer.php template in your theme. in /Applications/MAMP/htdocs/wordpress_with_composer/wordpress/wp-includes/functions.php on line 5613
[10-Jun-2023 04:13:44 UTC] PHP Deprecated:  File Theme without header.php is <strong>deprecated</strong> since version 3.0.0 with no alternative available. Please include a header.php template in your theme. in /Applications/MAMP/htdocs/wordpress_with_composer/wordpress/wp-includes/functions.php on line 5613
[10-Jun-2023 04:13:45 UTC] PHP Deprecated:  File Theme without footer.php is <strong>deprecated</strong> since version 3.0.0 with no alternative available. Please include a footer.php template in your theme. in /Applications/MAMP/htdocs/wordpress_with_composer/wordpress/wp-includes/functions.php on line 5613
[10-Jun-2023 04:13:45 UTC] PHP Deprecated:  File Theme without header.php is <strong>deprecated</strong> since version 3.0.0 with no alternative available. Please include a header.php template in your theme. in /Applications/MAMP/htdocs/wordpress_with_composer/wordpress/wp-includes/functions.php on line 5613
[10-Jun-2023 04:13:45 UTC] PHP Deprecated:  File Theme without footer.php is <strong>deprecated</strong> since version 3.0.0 with no alternative available. Please include a footer.php template in your theme. in /Applications/MAMP/htdocs/wordpress_with_composer/wordpress/wp-includes/functions.php on line 5613
[10-Jun-2023 04:14:03 UTC] PHP Deprecated:  File Theme without header.php is <strong>deprecated</strong> since version 3.0.0 with no alternative available. Please include a header.php template in your theme. in /Applications/MAMP/htdocs/wordpress_with_composer/wordpress/wp-includes/functions.php on line 5613
[10-Jun-2023 04:14:03 UTC] PHP Deprecated:  File Theme without footer.php is <strong>deprecated</strong> since version 3.0.0 with no alternative available. Please include a footer.php template in your theme. in /Applications/MAMP/htdocs/wordpress_with_composer/wordpress/wp-includes/functions.php on line 5613
[10-Jun-2023 04:14:05 UTC] PHP Deprecated:  File Theme without header.php is <strong>deprecated</strong> since version 3.0.0 with no alternative available. Please include a header.php template in your theme. in /Applications/MAMP/htdocs/wordpress_with_composer/wordpress/wp-includes/functions.php on line 5613
[10-Jun-2023 04:14:06 UTC] PHP Deprecated:  File Theme without footer.php is <strong>deprecated</strong> since version 3.0.0 with no alternative available. Please include a footer.php template in your theme. in /Applications/MAMP/htdocs/wordpress_with_composer/wordpress/wp-includes/functions.php on line 5613
[10-Jun-2023 04:14:14 UTC] PHP Parse error:  syntax error, unexpected '$wpdb' (T_VARIABLE) in /Applications/MAMP/htdocs/wordpress_with_composer/wordpress/wp-content/themes/twentytwentythree/templates/custom_1.php on line 8
[10-Jun-2023 04:14:21 UTC] PHP Deprecated:  File Theme without header.php is <strong>deprecated</strong> since version 3.0.0 with no alternative available. Please include a header.php template in your theme. in /Applications/MAMP/htdocs/wordpress_with_composer/wordpress/wp-includes/functions.php on line 5613
[10-Jun-2023 04:14:21 UTC] PHP Deprecated:  File Theme without footer.php is <strong>deprecated</strong> since version 3.0.0 with no alternative available. Please include a footer.php template in your theme. in /Applications/MAMP/htdocs/wordpress_with_composer/wordpress/wp-includes/functions.php on line 5613
[10-Jun-2023 04:14:22 UTC] PHP Deprecated:  File Theme without header.php is <strong>deprecated</strong> since version 3.0.0 with no alternative available. Please include a header.php template in your theme. in /Applications/MAMP/htdocs/wordpress_with_composer/wordpress/wp-includes/functions.php on line 5613
[10-Jun-2023 04:14:22 UTC] PHP Deprecated:  File Theme without footer.php is <strong>deprecated</strong> since version 3.0.0 with no alternative available. Please include a footer.php template in your theme. in /Applications/MAMP/htdocs/wordpress_with_composer/wordpress/wp-includes/functions.php on line 5613
[10-Jun-2023 04:17:08 UTC] PHP Deprecated:  File Theme without header.php is <strong>deprecated</strong> since version 3.0.0 with no alternative available. Please include a header.php template in your theme. in /Applications/MAMP/htdocs/wordpress_with_composer/wordpress/wp-includes/functions.php on line 5613
[10-Jun-2023 04:17:08 UTC] PHP Deprecated:  File Theme without footer.php is <strong>deprecated</strong> since version 3.0.0 with no alternative available. Please include a footer.php template in your theme. in /Applications/MAMP/htdocs/wordpress_with_composer/wordpress/wp-includes/functions.php on line 5613
[10-Jun-2023 04:17:30 UTC] PHP Deprecated:  File Theme without header.php is <strong>deprecated</strong> since version 3.0.0 with no alternative available. Please include a header.php template in your theme. in /Applications/MAMP/htdocs/wordpress_with_composer/wordpress/wp-includes/functions.php on line 5613
[10-Jun-2023 04:17:31 UTC] PHP Deprecated:  File Theme without footer.php is <strong>deprecated</strong> since version 3.0.0 with no alternative available. Please include a footer.php template in your theme. in /Applications/MAMP/htdocs/wordpress_with_composer/wordpress/wp-includes/functions.php on line 5613
[10-Jun-2023 04:17:31 UTC] PHP Deprecated:  File Theme without header.php is <strong>deprecated</strong> since version 3.0.0 with no alternative available. Please include a header.php template in your theme. in /Applications/MAMP/htdocs/wordpress_with_composer/wordpress/wp-includes/functions.php on line 5613
[10-Jun-2023 04:17:31 UTC] PHP Deprecated:  File Theme without footer.php is <strong>deprecated</strong> since version 3.0.0 with no alternative available. Please include a footer.php template in your theme. in /Applications/MAMP/htdocs/wordpress_with_composer/wordpress/wp-includes/functions.php on line 5613
[10-Jun-2023 04:17:53 UTC] PHP Deprecated:  File Theme without header.php is <strong>deprecated</strong> since version 3.0.0 with no alternative available. Please include a header.php template in your theme. in /Applications/MAMP/htdocs/wordpress_with_composer/wordpress/wp-includes/functions.php on line 5613
[10-Jun-2023 04:17:53 UTC] PHP Deprecated:  File Theme without footer.php is <strong>deprecated</strong> since version 3.0.0 with no alternative available. Please include a footer.php template in your theme. in /Applications/MAMP/htdocs/wordpress_with_composer/wordpress/wp-includes/functions.php on line 5613
[10-Jun-2023 04:17:54 UTC] PHP Deprecated:  File Theme without header.php is <strong>deprecated</strong> since version 3.0.0 with no alternative available. Please include a header.php template in your theme. in /Applications/MAMP/htdocs/wordpress_with_composer/wordpress/wp-includes/functions.php on line 5613
[10-Jun-2023 04:17:54 UTC] PHP Deprecated:  File Theme without footer.php is <strong>deprecated</strong> since version 3.0.0 with no alternative available. Please include a footer.php template in your theme. in /Applications/MAMP/htdocs/wordpress_with_composer/wordpress/wp-includes/functions.php on line 5613
[10-Jun-2023 04:20:03 UTC] PHP Deprecated:  File Theme without header.php is <strong>deprecated</strong> since version 3.0.0 with no alternative available. Please include a header.php template in your theme. in /Applications/MAMP/htdocs/wordpress_with_composer/wordpress/wp-includes/functions.php on line 5613
[10-Jun-2023 04:20:03 UTC] PHP Warning:  require_once(../../../wp-config.php): failed to open stream: No such file or directory in /Applications/MAMP/htdocs/wordpress_with_composer/wordpress/wp-content/themes/twentytwentythree/templates/custom_1.php on line 6
[10-Jun-2023 04:20:03 UTC] PHP Fatal error:  require_once(): Failed opening required '../../../wp-config.php' (include_path='.:/Applications/MAMP/bin/php/php7.4.33/lib/php') in /Applications/MAMP/htdocs/wordpress_with_composer/wordpress/wp-content/themes/twentytwentythree/templates/custom_1.php on line 6
[10-Jun-2023 04:20:05 UTC] PHP Deprecated:  File Theme without header.php is <strong>deprecated</strong> since version 3.0.0 with no alternative available. Please include a header.php template in your theme. in /Applications/MAMP/htdocs/wordpress_with_composer/wordpress/wp-includes/functions.php on line 5613
[10-Jun-2023 04:20:05 UTC] PHP Warning:  require_once(../../../wp-config.php): failed to open stream: No such file or directory in /Applications/MAMP/htdocs/wordpress_with_composer/wordpress/wp-content/themes/twentytwentythree/templates/custom_1.php on line 6
[10-Jun-2023 04:20:05 UTC] PHP Fatal error:  require_once(): Failed opening required '../../../wp-config.php' (include_path='.:/Applications/MAMP/bin/php/php7.4.33/lib/php') in /Applications/MAMP/htdocs/wordpress_with_composer/wordpress/wp-content/themes/twentytwentythree/templates/custom_1.php on line 6
[10-Jun-2023 04:20:06 UTC] PHP Deprecated:  File Theme without header.php is <strong>deprecated</strong> since version 3.0.0 with no alternative available. Please include a header.php template in your theme. in /Applications/MAMP/htdocs/wordpress_with_composer/wordpress/wp-includes/functions.php on line 5613
[10-Jun-2023 04:20:06 UTC] PHP Warning:  require_once(../../../wp-config.php): failed to open stream: No such file or directory in /Applications/MAMP/htdocs/wordpress_with_composer/wordpress/wp-content/themes/twentytwentythree/templates/custom_1.php on line 6
[10-Jun-2023 04:20:06 UTC] PHP Fatal error:  require_once(): Failed opening required '../../../wp-config.php' (include_path='.:/Applications/MAMP/bin/php/php7.4.33/lib/php') in /Applications/MAMP/htdocs/wordpress_with_composer/wordpress/wp-content/themes/twentytwentythree/templates/custom_1.php on line 6
[10-Jun-2023 04:20:06 UTC] PHP Deprecated:  File Theme without header.php is <strong>deprecated</strong> since version 3.0.0 with no alternative available. Please include a header.php template in your theme. in /Applications/MAMP/htdocs/wordpress_with_composer/wordpress/wp-includes/functions.php on line 5613
[10-Jun-2023 04:20:06 UTC] PHP Warning:  require_once(../../../wp-config.php): failed to open stream: No such file or directory in /Applications/MAMP/htdocs/wordpress_with_composer/wordpress/wp-content/themes/twentytwentythree/templates/custom_1.php on line 6
[10-Jun-2023 04:20:06 UTC] PHP Fatal error:  require_once(): Failed opening required '../../../wp-config.php' (include_path='.:/Applications/MAMP/bin/php/php7.4.33/lib/php') in /Applications/MAMP/htdocs/wordpress_with_composer/wordpress/wp-content/themes/twentytwentythree/templates/custom_1.php on line 6
[10-Jun-2023 04:20:13 UTC] PHP Deprecated:  File Theme without header.php is <strong>deprecated</strong> since version 3.0.0 with no alternative available. Please include a header.php template in your theme. in /Applications/MAMP/htdocs/wordpress_with_composer/wordpress/wp-includes/functions.php on line 5613
[10-Jun-2023 04:20:13 UTC] PHP Warning:  require_once(../../../wp-config.php): failed to open stream: No such file or directory in /Applications/MAMP/htdocs/wordpress_with_composer/wordpress/wp-content/themes/twentytwentythree/templates/custom_1.php on line 6
[10-Jun-2023 04:20:13 UTC] PHP Fatal error:  require_once(): Failed opening required '../../../wp-config.php' (include_path='.:/Applications/MAMP/bin/php/php7.4.33/lib/php') in /Applications/MAMP/htdocs/wordpress_with_composer/wordpress/wp-content/themes/twentytwentythree/templates/custom_1.php on line 6
[10-Jun-2023 04:20:14 UTC] PHP Deprecated:  File Theme without header.php is <strong>deprecated</strong> since version 3.0.0 with no alternative available. Please include a header.php template in your theme. in /Applications/MAMP/htdocs/wordpress_with_composer/wordpress/wp-includes/functions.php on line 5613
[10-Jun-2023 04:20:14 UTC] PHP Warning:  require_once(../../../wp-config.php): failed to open stream: No such file or directory in /Applications/MAMP/htdocs/wordpress_with_composer/wordpress/wp-content/themes/twentytwentythree/templates/custom_1.php on line 6
[10-Jun-2023 04:20:14 UTC] PHP Fatal error:  require_once(): Failed opening required '../../../wp-config.php' (include_path='.:/Applications/MAMP/bin/php/php7.4.33/lib/php') in /Applications/MAMP/htdocs/wordpress_with_composer/wordpress/wp-content/themes/twentytwentythree/templates/custom_1.php on line 6
[10-Jun-2023 04:20:14 UTC] PHP Deprecated:  File Theme without header.php is <strong>deprecated</strong> since version 3.0.0 with no alternative available. Please include a header.php template in your theme. in /Applications/MAMP/htdocs/wordpress_with_composer/wordpress/wp-includes/functions.php on line 5613
[10-Jun-2023 04:20:14 UTC] PHP Warning:  require_once(../../../wp-config.php): failed to open stream: No such file or directory in /Applications/MAMP/htdocs/wordpress_with_composer/wordpress/wp-content/themes/twentytwentythree/templates/custom_1.php on line 6
[10-Jun-2023 04:20:14 UTC] PHP Fatal error:  require_once(): Failed opening required '../../../wp-config.php' (include_path='.:/Applications/MAMP/bin/php/php7.4.33/lib/php') in /Applications/MAMP/htdocs/wordpress_with_composer/wordpress/wp-content/themes/twentytwentythree/templates/custom_1.php on line 6
[10-Jun-2023 04:20:14 UTC] PHP Deprecated:  File Theme without header.php is <strong>deprecated</strong> since version 3.0.0 with no alternative available. Please include a header.php template in your theme. in /Applications/MAMP/htdocs/wordpress_with_composer/wordpress/wp-includes/functions.php on line 5613
[10-Jun-2023 04:20:14 UTC] PHP Warning:  require_once(../../../wp-config.php): failed to open stream: No such file or directory in /Applications/MAMP/htdocs/wordpress_with_composer/wordpress/wp-content/themes/twentytwentythree/templates/custom_1.php on line 6
[10-Jun-2023 04:20:14 UTC] PHP Fatal error:  require_once(): Failed opening required '../../../wp-config.php' (include_path='.:/Applications/MAMP/bin/php/php7.4.33/lib/php') in /Applications/MAMP/htdocs/wordpress_with_composer/wordpress/wp-content/themes/twentytwentythree/templates/custom_1.php on line 6
[10-Jun-2023 04:20:15 UTC] PHP Deprecated:  File Theme without header.php is <strong>deprecated</strong> since version 3.0.0 with no alternative available. Please include a header.php template in your theme. in /Applications/MAMP/htdocs/wordpress_with_composer/wordpress/wp-includes/functions.php on line 5613
[10-Jun-2023 04:20:15 UTC] PHP Warning:  require_once(../../../wp-config.php): failed to open stream: No such file or directory in /Applications/MAMP/htdocs/wordpress_with_composer/wordpress/wp-content/themes/twentytwentythree/templates/custom_1.php on line 6
[10-Jun-2023 04:20:15 UTC] PHP Fatal error:  require_once(): Failed opening required '../../../wp-config.php' (include_path='.:/Applications/MAMP/bin/php/php7.4.33/lib/php') in /Applications/MAMP/htdocs/wordpress_with_composer/wordpress/wp-content/themes/twentytwentythree/templates/custom_1.php on line 6
[10-Jun-2023 04:20:15 UTC] PHP Deprecated:  File Theme without header.php is <strong>deprecated</strong> since version 3.0.0 with no alternative available. Please include a header.php template in your theme. in /Applications/MAMP/htdocs/wordpress_with_composer/wordpress/wp-includes/functions.php on line 5613
[10-Jun-2023 04:20:15 UTC] PHP Warning:  require_once(../../../wp-config.php): failed to open stream: No such file or directory in /Applications/MAMP/htdocs/wordpress_with_composer/wordpress/wp-content/themes/twentytwentythree/templates/custom_1.php on line 6
[10-Jun-2023 04:20:15 UTC] PHP Fatal error:  require_once(): Failed opening required '../../../wp-config.php' (include_path='.:/Applications/MAMP/bin/php/php7.4.33/lib/php') in /Applications/MAMP/htdocs/wordpress_with_composer/wordpress/wp-content/themes/twentytwentythree/templates/custom_1.php on line 6
[10-Jun-2023 04:20:15 UTC] PHP Deprecated:  File Theme without header.php is <strong>deprecated</strong> since version 3.0.0 with no alternative available. Please include a header.php template in your theme. in /Applications/MAMP/htdocs/wordpress_with_composer/wordpress/wp-includes/functions.php on line 5613
[10-Jun-2023 04:20:15 UTC] PHP Warning:  require_once(../../../wp-config.php): failed to open stream: No such file or directory in /Applications/MAMP/htdocs/wordpress_with_composer/wordpress/wp-content/themes/twentytwentythree/templates/custom_1.php on line 6
[10-Jun-2023 04:20:15 UTC] PHP Fatal error:  require_once(): Failed opening required '../../../wp-config.php' (include_path='.:/Applications/MAMP/bin/php/php7.4.33/lib/php') in /Applications/MAMP/htdocs/wordpress_with_composer/wordpress/wp-content/themes/twentytwentythree/templates/custom_1.php on line 6
[10-Jun-2023 04:20:16 UTC] PHP Deprecated:  File Theme without header.php is <strong>deprecated</strong> since version 3.0.0 with no alternative available. Please include a header.php template in your theme. in /Applications/MAMP/htdocs/wordpress_with_composer/wordpress/wp-includes/functions.php on line 5613
[10-Jun-2023 04:20:16 UTC] PHP Warning:  require_once(../../../wp-config.php): failed to open stream: No such file or directory in /Applications/MAMP/htdocs/wordpress_with_composer/wordpress/wp-content/themes/twentytwentythree/templates/custom_1.php on line 6
[10-Jun-2023 04:20:16 UTC] PHP Fatal error:  require_once(): Failed opening required '../../../wp-config.php' (include_path='.:/Applications/MAMP/bin/php/php7.4.33/lib/php') in /Applications/MAMP/htdocs/wordpress_with_composer/wordpress/wp-content/themes/twentytwentythree/templates/custom_1.php on line 6
[10-Jun-2023 04:20:20 UTC] PHP Deprecated:  File Theme without header.php is <strong>deprecated</strong> since version 3.0.0 with no alternative available. Please include a header.php template in your theme. in /Applications/MAMP/htdocs/wordpress_with_composer/wordpress/wp-includes/functions.php on line 5613
[10-Jun-2023 04:20:20 UTC] PHP Warning:  require_once(../../../wp-config.php): failed to open stream: No such file or directory in /Applications/MAMP/htdocs/wordpress_with_composer/wordpress/wp-content/themes/twentytwentythree/templates/custom_1.php on line 6
[10-Jun-2023 04:20:20 UTC] PHP Fatal error:  require_once(): Failed opening required '../../../wp-config.php' (include_path='.:/Applications/MAMP/bin/php/php7.4.33/lib/php') in /Applications/MAMP/htdocs/wordpress_with_composer/wordpress/wp-content/themes/twentytwentythree/templates/custom_1.php on line 6
[10-Jun-2023 04:20:50 UTC] PHP Deprecated:  File Theme without header.php is <strong>deprecated</strong> since version 3.0.0 with no alternative available. Please include a header.php template in your theme. in /Applications/MAMP/htdocs/wordpress_with_composer/wordpress/wp-includes/functions.php on line 5613
[10-Jun-2023 04:20:50 UTC] PHP Deprecated:  File Theme without footer.php is <strong>deprecated</strong> since version 3.0.0 with no alternative available. Please include a footer.php template in your theme. in /Applications/MAMP/htdocs/wordpress_with_composer/wordpress/wp-includes/functions.php on line 5613
[10-Jun-2023 04:20:56 UTC] PHP Deprecated:  File Theme without header.php is <strong>deprecated</strong> since version 3.0.0 with no alternative available. Please include a header.php template in your theme. in /Applications/MAMP/htdocs/wordpress_with_composer/wordpress/wp-includes/functions.php on line 5613
[10-Jun-2023 04:20:56 UTC] PHP Deprecated:  File Theme without footer.php is <strong>deprecated</strong> since version 3.0.0 with no alternative available. Please include a footer.php template in your theme. in /Applications/MAMP/htdocs/wordpress_with_composer/wordpress/wp-includes/functions.php on line 5613
[10-Jun-2023 04:23:45 UTC] PHP Deprecated:  File Theme without header.php is <strong>deprecated</strong> since version 3.0.0 with no alternative available. Please include a header.php template in your theme. in /Applications/MAMP/htdocs/wordpress_with_composer/wordpress/wp-includes/functions.php on line 5613
[10-Jun-2023 04:23:45 UTC] PHP Warning:  require(../../wp-load.php): failed to open stream: No such file or directory in /Applications/MAMP/htdocs/wordpress_with_composer/wordpress/wp-content/themes/twentytwentythree/templates/custom_1.php on line 4
[10-Jun-2023 04:23:45 UTC] PHP Fatal error:  require(): Failed opening required '../../wp-load.php' (include_path='.:/Applications/MAMP/bin/php/php7.4.33/lib/php') in /Applications/MAMP/htdocs/wordpress_with_composer/wordpress/wp-content/themes/twentytwentythree/templates/custom_1.php on line 4
[10-Jun-2023 04:23:49 UTC] PHP Deprecated:  File Theme without header.php is <strong>deprecated</strong> since version 3.0.0 with no alternative available. Please include a header.php template in your theme. in /Applications/MAMP/htdocs/wordpress_with_composer/wordpress/wp-includes/functions.php on line 5613
[10-Jun-2023 04:23:49 UTC] PHP Warning:  require(../../wp-load.php): failed to open stream: No such file or directory in /Applications/MAMP/htdocs/wordpress_with_composer/wordpress/wp-content/themes/twentytwentythree/templates/custom_1.php on line 4
[10-Jun-2023 04:23:49 UTC] PHP Fatal error:  require(): Failed opening required '../../wp-load.php' (include_path='.:/Applications/MAMP/bin/php/php7.4.33/lib/php') in /Applications/MAMP/htdocs/wordpress_with_composer/wordpress/wp-content/themes/twentytwentythree/templates/custom_1.php on line 4
[10-Jun-2023 04:23:49 UTC] PHP Deprecated:  File Theme without header.php is <strong>deprecated</strong> since version 3.0.0 with no alternative available. Please include a header.php template in your theme. in /Applications/MAMP/htdocs/wordpress_with_composer/wordpress/wp-includes/functions.php on line 5613
[10-Jun-2023 04:23:50 UTC] PHP Warning:  require(../../wp-load.php): failed to open stream: No such file or directory in /Applications/MAMP/htdocs/wordpress_with_composer/wordpress/wp-content/themes/twentytwentythree/templates/custom_1.php on line 4
[10-Jun-2023 04:23:50 UTC] PHP Fatal error:  require(): Failed opening required '../../wp-load.php' (include_path='.:/Applications/MAMP/bin/php/php7.4.33/lib/php') in /Applications/MAMP/htdocs/wordpress_with_composer/wordpress/wp-content/themes/twentytwentythree/templates/custom_1.php on line 4
[10-Jun-2023 04:23:50 UTC] PHP Deprecated:  File Theme without header.php is <strong>deprecated</strong> since version 3.0.0 with no alternative available. Please include a header.php template in your theme. in /Applications/MAMP/htdocs/wordpress_with_composer/wordpress/wp-includes/functions.php on line 5613
[10-Jun-2023 04:23:50 UTC] PHP Warning:  require(../../wp-load.php): failed to open stream: No such file or directory in /Applications/MAMP/htdocs/wordpress_with_composer/wordpress/wp-content/themes/twentytwentythree/templates/custom_1.php on line 4
[10-Jun-2023 04:23:50 UTC] PHP Fatal error:  require(): Failed opening required '../../wp-load.php' (include_path='.:/Applications/MAMP/bin/php/php7.4.33/lib/php') in /Applications/MAMP/htdocs/wordpress_with_composer/wordpress/wp-content/themes/twentytwentythree/templates/custom_1.php on line 4
[10-Jun-2023 04:23:50 UTC] PHP Deprecated:  File Theme without header.php is <strong>deprecated</strong> since version 3.0.0 with no alternative available. Please include a header.php template in your theme. in /Applications/MAMP/htdocs/wordpress_with_composer/wordpress/wp-includes/functions.php on line 5613
[10-Jun-2023 04:23:50 UTC] PHP Warning:  require(../../wp-load.php): failed to open stream: No such file or directory in /Applications/MAMP/htdocs/wordpress_with_composer/wordpress/wp-content/themes/twentytwentythree/templates/custom_1.php on line 4
[10-Jun-2023 04:23:50 UTC] PHP Fatal error:  require(): Failed opening required '../../wp-load.php' (include_path='.:/Applications/MAMP/bin/php/php7.4.33/lib/php') in /Applications/MAMP/htdocs/wordpress_with_composer/wordpress/wp-content/themes/twentytwentythree/templates/custom_1.php on line 4
[10-Jun-2023 04:23:54 UTC] PHP Deprecated:  File Theme without header.php is <strong>deprecated</strong> since version 3.0.0 with no alternative available. Please include a header.php template in your theme. in /Applications/MAMP/htdocs/wordpress_with_composer/wordpress/wp-includes/functions.php on line 5613
[10-Jun-2023 04:23:55 UTC] PHP Warning:  require(../../wp-load.php): failed to open stream: No such file or directory in /Applications/MAMP/htdocs/wordpress_with_composer/wordpress/wp-content/themes/twentytwentythree/templates/custom_1.php on line 4
[10-Jun-2023 04:23:55 UTC] PHP Fatal error:  require(): Failed opening required '../../wp-load.php' (include_path='.:/Applications/MAMP/bin/php/php7.4.33/lib/php') in /Applications/MAMP/htdocs/wordpress_with_composer/wordpress/wp-content/themes/twentytwentythree/templates/custom_1.php on line 4
[10-Jun-2023 04:23:55 UTC] PHP Deprecated:  File Theme without header.php is <strong>deprecated</strong> since version 3.0.0 with no alternative available. Please include a header.php template in your theme. in /Applications/MAMP/htdocs/wordpress_with_composer/wordpress/wp-includes/functions.php on line 5613
[10-Jun-2023 04:23:55 UTC] PHP Warning:  require(../../wp-load.php): failed to open stream: No such file or directory in /Applications/MAMP/htdocs/wordpress_with_composer/wordpress/wp-content/themes/twentytwentythree/templates/custom_1.php on line 4
[10-Jun-2023 04:23:55 UTC] PHP Fatal error:  require(): Failed opening required '../../wp-load.php' (include_path='.:/Applications/MAMP/bin/php/php7.4.33/lib/php') in /Applications/MAMP/htdocs/wordpress_with_composer/wordpress/wp-content/themes/twentytwentythree/templates/custom_1.php on line 4
[10-Jun-2023 04:23:57 UTC] PHP Deprecated:  File Theme without header.php is <strong>deprecated</strong> since version 3.0.0 with no alternative available. Please include a header.php template in your theme. in /Applications/MAMP/htdocs/wordpress_with_composer/wordpress/wp-includes/functions.php on line 5613
[10-Jun-2023 04:23:57 UTC] PHP Warning:  require(../../wp-load.php): failed to open stream: No such file or directory in /Applications/MAMP/htdocs/wordpress_with_composer/wordpress/wp-content/themes/twentytwentythree/templates/custom_1.php on line 4
[10-Jun-2023 04:23:57 UTC] PHP Fatal error:  require(): Failed opening required '../../wp-load.php' (include_path='.:/Applications/MAMP/bin/php/php7.4.33/lib/php') in /Applications/MAMP/htdocs/wordpress_with_composer/wordpress/wp-content/themes/twentytwentythree/templates/custom_1.php on line 4
[10-Jun-2023 04:24:00 UTC] PHP Deprecated:  File Theme without header.php is <strong>deprecated</strong> since version 3.0.0 with no alternative available. Please include a header.php template in your theme. in /Applications/MAMP/htdocs/wordpress_with_composer/wordpress/wp-includes/functions.php on line 5613
[10-Jun-2023 04:24:00 UTC] PHP Warning:  require(../../wp-load.php): failed to open stream: No such file or directory in /Applications/MAMP/htdocs/wordpress_with_composer/wordpress/wp-content/themes/twentytwentythree/templates/custom_1.php on line 4
[10-Jun-2023 04:24:00 UTC] PHP Fatal error:  require(): Failed opening required '../../wp-load.php' (include_path='.:/Applications/MAMP/bin/php/php7.4.33/lib/php') in /Applications/MAMP/htdocs/wordpress_with_composer/wordpress/wp-content/themes/twentytwentythree/templates/custom_1.php on line 4
[10-Jun-2023 04:24:00 UTC] PHP Deprecated:  File Theme without header.php is <strong>deprecated</strong> since version 3.0.0 with no alternative available. Please include a header.php template in your theme. in /Applications/MAMP/htdocs/wordpress_with_composer/wordpress/wp-includes/functions.php on line 5613
[10-Jun-2023 04:24:00 UTC] PHP Warning:  require(../../wp-load.php): failed to open stream: No such file or directory in /Applications/MAMP/htdocs/wordpress_with_composer/wordpress/wp-content/themes/twentytwentythree/templates/custom_1.php on line 4
[10-Jun-2023 04:24:00 UTC] PHP Fatal error:  require(): Failed opening required '../../wp-load.php' (include_path='.:/Applications/MAMP/bin/php/php7.4.33/lib/php') in /Applications/MAMP/htdocs/wordpress_with_composer/wordpress/wp-content/themes/twentytwentythree/templates/custom_1.php on line 4
[10-Jun-2023 04:24:34 UTC] PHP Deprecated:  File Theme without header.php is <strong>deprecated</strong> since version 3.0.0 with no alternative available. Please include a header.php template in your theme. in /Applications/MAMP/htdocs/wordpress_with_composer/wordpress/wp-includes/functions.php on line 5613
[10-Jun-2023 04:24:34 UTC] PHP Warning:  require(../../wp-load.php): failed to open stream: No such file or directory in /Applications/MAMP/htdocs/wordpress_with_composer/wordpress/wp-content/themes/twentytwentythree/templates/custom_1.php on line 4
[10-Jun-2023 04:24:34 UTC] PHP Fatal error:  require(): Failed opening required '../../wp-load.php' (include_path='.:/Applications/MAMP/bin/php/php7.4.33/lib/php') in /Applications/MAMP/htdocs/wordpress_with_composer/wordpress/wp-content/themes/twentytwentythree/templates/custom_1.php on line 4
[10-Jun-2023 04:24:37 UTC] PHP Deprecated:  File Theme without header.php is <strong>deprecated</strong> since version 3.0.0 with no alternative available. Please include a header.php template in your theme. in /Applications/MAMP/htdocs/wordpress_with_composer/wordpress/wp-includes/functions.php on line 5613
[10-Jun-2023 04:24:37 UTC] PHP Warning:  require(../../wp-load.php): failed to open stream: No such file or directory in /Applications/MAMP/htdocs/wordpress_with_composer/wordpress/wp-content/themes/twentytwentythree/templates/custom_1.php on line 4
[10-Jun-2023 04:24:37 UTC] PHP Fatal error:  require(): Failed opening required '../../wp-load.php' (include_path='.:/Applications/MAMP/bin/php/php7.4.33/lib/php') in /Applications/MAMP/htdocs/wordpress_with_composer/wordpress/wp-content/themes/twentytwentythree/templates/custom_1.php on line 4
[10-Jun-2023 04:24:40 UTC] PHP Deprecated:  File Theme without header.php is <strong>deprecated</strong> since version 3.0.0 with no alternative available. Please include a header.php template in your theme. in /Applications/MAMP/htdocs/wordpress_with_composer/wordpress/wp-includes/functions.php on line 5613
[10-Jun-2023 04:24:41 UTC] PHP Warning:  require(../../wp-load.php): failed to open stream: No such file or directory in /Applications/MAMP/htdocs/wordpress_with_composer/wordpress/wp-content/themes/twentytwentythree/templates/custom_1.php on line 4
[10-Jun-2023 04:24:41 UTC] PHP Fatal error:  require(): Failed opening required '../../wp-load.php' (include_path='.:/Applications/MAMP/bin/php/php7.4.33/lib/php') in /Applications/MAMP/htdocs/wordpress_with_composer/wordpress/wp-content/themes/twentytwentythree/templates/custom_1.php on line 4
[10-Jun-2023 04:24:47 UTC] PHP Deprecated:  File Theme without header.php is <strong>deprecated</strong> since version 3.0.0 with no alternative available. Please include a header.php template in your theme. in /Applications/MAMP/htdocs/wordpress_with_composer/wordpress/wp-includes/functions.php on line 5613
[10-Jun-2023 04:24:47 UTC] PHP Deprecated:  File Theme without footer.php is <strong>deprecated</strong> since version 3.0.0 with no alternative available. Please include a footer.php template in your theme. in /Applications/MAMP/htdocs/wordpress_with_composer/wordpress/wp-includes/functions.php on line 5613
[10-Jun-2023 04:24:47 UTC] PHP Deprecated:  File Theme without header.php is <strong>deprecated</strong> since version 3.0.0 with no alternative available. Please include a header.php template in your theme. in /Applications/MAMP/htdocs/wordpress_with_composer/wordpress/wp-includes/functions.php on line 5613
[10-Jun-2023 04:24:47 UTC] PHP Deprecated:  File Theme without footer.php is <strong>deprecated</strong> since version 3.0.0 with no alternative available. Please include a footer.php template in your theme. in /Applications/MAMP/htdocs/wordpress_with_composer/wordpress/wp-includes/functions.php on line 5613
[10-Jun-2023 04:24:50 UTC] PHP Deprecated:  File Theme without header.php is <strong>deprecated</strong> since version 3.0.0 with no alternative available. Please include a header.php template in your theme. in /Applications/MAMP/htdocs/wordpress_with_composer/wordpress/wp-includes/functions.php on line 5613
[10-Jun-2023 04:24:50 UTC] PHP Deprecated:  File Theme without footer.php is <strong>deprecated</strong> since version 3.0.0 with no alternative available. Please include a footer.php template in your theme. in /Applications/MAMP/htdocs/wordpress_with_composer/wordpress/wp-includes/functions.php on line 5613
[10-Jun-2023 04:25:00 UTC] PHP Deprecated:  File Theme without header.php is <strong>deprecated</strong> since version 3.0.0 with no alternative available. Please include a header.php template in your theme. in /Applications/MAMP/htdocs/wordpress_with_composer/wordpress/wp-includes/functions.php on line 5613
[10-Jun-2023 04:25:00 UTC] PHP Deprecated:  File Theme without footer.php is <strong>deprecated</strong> since version 3.0.0 with no alternative available. Please include a footer.php template in your theme. in /Applications/MAMP/htdocs/wordpress_with_composer/wordpress/wp-includes/functions.php on line 5613
[11-Jun-2023 04:26:38 UTC] PHP Deprecated:  File Theme without header.php is <strong>deprecated</strong> since version 3.0.0 with no alternative available. Please include a header.php template in your theme. in /Applications/MAMP/htdocs/wordpress_with_composer/wordpress/wp-includes/functions.php on line 5613
[11-Jun-2023 04:26:38 UTC] PHP Deprecated:  File Theme without footer.php is <strong>deprecated</strong> since version 3.0.0 with no alternative available. Please include a footer.php template in your theme. in /Applications/MAMP/htdocs/wordpress_with_composer/wordpress/wp-includes/functions.php on line 5613
[11-Jun-2023 21:22:59 UTC] PHP Notice:  Trying to get property 'title' of non-object in /Applications/MAMP/htdocs/wordpress_with_composer/wordpress/wp-includes/class-wp-customize-widgets.php on line 905
